<?xml version="1.0" encoding="UTF-8" ?>
<testsuite errors="0" failures="0" hostname="CYCdeMacBook-Pro.local" name="OnlineStore.TestRunner" skipped="0" tests="78" time="222.051" timestamp="2016-10-20T01:22:38">
  <properties>
[...]
</properties>
  <testcase classname="Scenario: Successful Login with Valid Credentials" name="Given User is on Home Page" time="0.002" />
  <testcase classname="Scenario: Successful Login with Valid Credentials" name="When User Type &quot;ipad&quot; as keywords for searching" time="0.0" />
  <testcase classname="Scenario: Successful Login with Valid Credentials" name="Then all related items should appear on search result page with clickable Add To Cart buttons" time="0.001" />
  <testcase classname="junit.framework.TestSuite" name="Scenario: Successful Login with Valid Credentials" time="32.94" />
  <testcase classname="Scenario: Log out after successful Login" name="Given User is on Home Page" time="0.0" />
  <testcase classname="Scenario: Log out after successful Login" name="When User Type &quot;aaa&quot; as keywords for searching" time="0.0" />
  <testcase classname="Scenario: Log out after successful Login" name="Then on the result page the sentence &quot;Sorry, but nothing matched your search criteria. Please try again with some different keywords.&quot; will appear" time="0.0" />
  <testcase classname="junit.framework.TestSuite" name="Scenario: Log out after successful Login" time="20.149" />
  <testcase classname="Scenario: Add an item to the Shopping Cart and Go Checkout" name="Given User is on the Magic Mouse Page" time="0.0" />
  <testcase classname="Scenario: Add an item to the Shopping Cart and Go Checkout" name="When User Click on the Add To Cart button" time="0.0" />
  <testcase classname="Scenario: Add an item to the Shopping Cart and Go Checkout" name="And User Click on the Go to Checkout Button" time="0.001" />
  <testcase classname="Scenario: Add an item to the Shopping Cart and Go Checkout" name="Then User will get to the Checkout | ONLINE STORE page" time="0.0" />
  <testcase classname="junit.framework.TestSuite" name="Scenario: Add an item to the Shopping Cart and Go Checkout" time="22.229" />
  <testcase classname="Scenario: Change the Quantity with a positive number in the Checkout page" name="Given User is on the Magic Mouse Page" time="0.0" />
  <testcase classname="Scenario: Change the Quantity with a positive number in the Checkout page" name="When User Click on the Add To Cart button" time="0.0" />
  <testcase classname="Scenario: Change the Quantity with a positive number in the Checkout page" name="And User Click on the Go to Checkout Button" time="0.0" />
  <testcase classname="Scenario: Change the Quantity with a positive number in the Checkout page" name="And Change the Quantity to 5" time="0.001" />
  <testcase classname="Scenario: Change the Quantity with a positive number in the Checkout page" name="Then the total price will be $750.00" time="0.0" />
  <testcase classname="junit.framework.TestSuite" name="Scenario: Change the Quantity with a positive number in the Checkout page" time="28.436" />
  <testcase classname="Scenario: Change the Quantity to ZERO in the Checkout page" name="Given User is on the Magic Mouse Page" time="0.0" />
  <testcase classname="Scenario: Change the Quantity to ZERO in the Checkout page" name="When User Click on the Add To Cart button" time="0.0" />
  <testcase classname="Scenario: Change the Quantity to ZERO in the Checkout page" name="And User Click on the Go to Checkout Button" time="0.0" />
  <testcase classname="Scenario: Change the Quantity to ZERO in the Checkout page" name="And Change the Quantity to 0" time="0.001" />
  <testcase classname="Scenario: Change the Quantity to ZERO in the Checkout page" name="Then the sentence &quot;Oops, there is nothing in your cart.&quot; will show up on the page" time="0.0" />
  <testcase classname="junit.framework.TestSuite" name="Scenario: Change the Quantity to ZERO in the Checkout page" time="27.966" />
  <testcase classname="Scenario: Remove the item in the Checkout page" name="Given User is on the Magic Mouse Page" time="0.001" />
  <testcase classname="Scenario: Remove the item in the Checkout page" name="When User Click on the Add To Cart button" time="0.0" />
  <testcase classname="Scenario: Remove the item in the Checkout page" name="And User Click on the Go to Checkout Button" time="0.0" />
  <testcase classname="Scenario: Remove the item in the Checkout page" name="And Click on Remove button" time="0.0" />
  <testcase classname="Scenario: Remove the item in the Checkout page" name="Then the sentence &quot;Oops, there is nothing in your cart.&quot; will show up on the page" time="0.0" />
  <testcase classname="junit.framework.TestSuite" name="Scenario: Remove the item in the Checkout page" time="30.13" />
  <testcase classname="Scenario: Successful Login with Valid Credentials" name="Given User is on Home Page" time="0.001" />
  <testcase classname="Scenario: Successful Login with Valid Credentials" name="When User Navigate to LogIn Page" time="0.0" />
  <testcase classname="Scenario: Successful Login with Valid Credentials" name="And User logged in using username as cyc and password as testcycyic85" time="0.0" />
  <testcase classname="Scenario: Successful Login with Valid Credentials" name="Then Message displayed on the right upper corner should be Howdy, cyc" time="0.0" />
  <testcase classname="junit.framework.TestSuite" name="Scenario: Successful Login with Valid Credentials" time="14.489" />
  <testcase classname="Scenario: Log out after successful Login" name="Given User is on Your Account Page" time="0.001" />
  <testcase classname="Scenario: Log out after successful Login" name="When User logged in using username as cyc and password as testcycyic85" time="0.0" />
  <testcase classname="Scenario: Log out after successful Login" name="And User click on Log out" time="0.0" />
  <testcase classname="Scenario: Log out after successful Login" name="Then Message displayed on the page should be You are now logged out." time="0.0" />
  <testcase classname="junit.framework.TestSuite" name="Scenario: Log out after successful Login" time="17.196" />
  <testcase classname="Scenario: Login with Invalid Credentials" name="Given User is on Your Account Page" time="0.0" />
  <testcase classname="Scenario: Login with Invalid Credentials" name="When User logged in using username as cyc and password as test" time="0.0" />
  <testcase classname="Scenario: Login with Invalid Credentials" name="Then Message displayed on the page will be ERROR: Invalid login credentials." time="0.0" />
  <testcase classname="junit.framework.TestSuite" name="Scenario: Login with Invalid Credentials" time="14.123" />
  <testcase classname="Scenario: Login with blank Credentials" name="Given User is on Your Account Page" time="0.0" />
  <testcase classname="Scenario: Login with blank Credentials" name="When User logged in without typing the username and the password" time="0.001" />
  <testcase classname="Scenario: Login with blank Credentials" name="Then Message displayed on the page must be Please enter your username and password." time="0.0" />
  <testcase classname="junit.framework.TestSuite" name="Scenario: Login with blank Credentials" time="14.017" />
  <system-out><![CDATA[
10 Scenarios ([32m10 passed[0m)
39 Steps ([32m39 passed[0m)
3m41.576s

]]></system-out>
  <system-err><![CDATA[1476926561418	geckodriver	INFO	Listening on 127.0.0.1:13372
Oct 19, 2016 9:22:41 PM org.openqa.selenium.remote.ProtocolHandshake createSession
INFO: Attempting bi-dialect session, assuming Postel's Law holds true on the remote end
1476926562108	mozprofile::profile	INFO	Using profile path /var/folders/94/_9jtnz717s58lyx0lk4h8m6c0000gn/T/rust_mozprofile.IX4TbUJHhDfK
1476926562111	geckodriver::marionette	INFO	Starting browser /Applications/Firefox.app/Contents/MacOS/firefox-bin
1476926562118	geckodriver::marionette	INFO	Connecting to Marionette on localhost:64762
1476926565147	Marionette	INFO	Listening on port 64762
1476926571059	Marionette	INFO	startBrowser 9b915262-97df-c147-96cb-ed6136e527a0
Oct 19, 2016 9:22:51 PM org.openqa.selenium.remote.ProtocolHandshake createSession
INFO: Detected dialect: W3C
[Child 3760] ###!!! ABORT: Aborting on channel error.: file /builds/slave/m-rel-m64-00000000000000000000/build/src/ipc/glue/MessageChannel.cpp, line 2052
[Child 3760] ###!!! ABORT: Aborting on channel error.: file /builds/slave/m-rel-m64-00000000000000000000/build/src/ipc/glue/MessageChannel.cpp, line 2052
1476926591289	geckodriver	INFO	Listening on 127.0.0.1:36575
Oct 19, 2016 9:23:11 PM org.openqa.selenium.remote.ProtocolHandshake createSession
INFO: Attempting bi-dialect session, assuming Postel's Law holds true on the remote end
1476926591293	mozprofile::profile	INFO	Using profile path /var/folders/94/_9jtnz717s58lyx0lk4h8m6c0000gn/T/rust_mozprofile.UxKNcJUxg3BJ
1476926591294	geckodriver::marionette	INFO	Starting browser /Applications/Firefox.app/Contents/MacOS/firefox-bin
1476926591296	geckodriver::marionette	INFO	Connecting to Marionette on localhost:64916
1476926592434	Marionette	INFO	Listening on port 64916
1476926594411	Marionette	INFO	startBrowser c5095d18-5473-f742-b04d-530115d34c6d
Oct 19, 2016 9:23:14 PM org.openqa.selenium.remote.ProtocolHandshake createSession
INFO: Detected dialect: W3C
[Child 3764] ###!!! ABORT: Aborting on channel error.: file /builds/slave/m-rel-m64-00000000000000000000/build/src/ipc/glue/MessageChannel.cpp, line 2052
[Child 3764] ###!!! ABORT: Aborting on channel error.: file /builds/slave/m-rel-m64-00000000000000000000/build/src/ipc/glue/MessageChannel.cpp, line 2052
Oct 19, 2016 9:23:31 PM org.openqa.selenium.remote.ProtocolHandshake createSession
INFO: Attempting bi-dialect session, assuming Postel's Law holds true on the remote end
1476926611441	geckodriver	INFO	Listening on 127.0.0.1:2416
1476926611446	mozprofile::profile	INFO	Using profile path /var/folders/94/_9jtnz717s58lyx0lk4h8m6c0000gn/T/rust_mozprofile.E4vMYG5VgFgU
1476926611448	geckodriver::marionette	INFO	Starting browser /Applications/Firefox.app/Contents/MacOS/firefox-bin
1476926611450	geckodriver::marionette	INFO	Connecting to Marionette on localhost:65047
1476926612433	Marionette	INFO	Listening on port 65047
1476926615325	Marionette	INFO	startBrowser 389d9176-e8b2-5047-9849-0f2e5b56bb8d
Oct 19, 2016 9:23:35 PM org.openqa.selenium.remote.ProtocolHandshake createSession
INFO: Detected dialect: W3C
[Child 3769] ###!!! ABORT: Aborting on channel error.: file /builds/slave/m-rel-m64-00000000000000000000/build/src/ipc/glue/MessageChannel.cpp, line 2052
[Child 3769] ###!!! ABORT: Aborting on channel error.: file /builds/slave/m-rel-m64-00000000000000000000/build/src/ipc/glue/MessageChannel.cpp, line 2052
Oct 19, 2016 9:23:53 PM org.openqa.selenium.remote.ProtocolHandshake createSession
INFO: Attempting bi-dialect session, assuming Postel's Law holds true on the remote end
1476926633678	geckodriver	INFO	Listening on 127.0.0.1:6341
1476926633684	mozprofile::profile	INFO	Using profile path /var/folders/94/_9jtnz717s58lyx0lk4h8m6c0000gn/T/rust_mozprofile.qxj7RAO9GT3a
1476926633685	geckodriver::marionette	INFO	Starting browser /Applications/Firefox.app/Contents/MacOS/firefox-bin
1476926633687	geckodriver::marionette	INFO	Connecting to Marionette on localhost:65155
1476926634686	Marionette	INFO	Listening on port 65155
1476926636760	Marionette	INFO	startBrowser 5b4e092c-c5fa-8149-9436-5fdbc5a1e2b5
Oct 19, 2016 9:23:57 PM org.openqa.selenium.remote.ProtocolHandshake createSession
INFO: Detected dialect: W3C
[Child 3772] ###!!! ABORT: Aborting on channel error.: file /builds/slave/m-rel-m64-00000000000000000000/build/src/ipc/glue/MessageChannel.cpp, line 2052
[Child 3772] ###!!! ABORT: Aborting on channel error.: file /builds/slave/m-rel-m64-00000000000000000000/build/src/ipc/glue/MessageChannel.cpp, line 2052
Oct 19, 2016 9:24:22 PM org.openqa.selenium.remote.ProtocolHandshake createSession
INFO: Attempting bi-dialect session, assuming Postel's Law holds true on the remote end
1476926662126	geckodriver	INFO	Listening on 127.0.0.1:18461
1476926662130	mozprofile::profile	INFO	Using profile path /var/folders/94/_9jtnz717s58lyx0lk4h8m6c0000gn/T/rust_mozprofile.TcebbJzyrxG1
1476926662131	geckodriver::marionette	INFO	Starting browser /Applications/Firefox.app/Contents/MacOS/firefox-bin
1476926662133	geckodriver::marionette	INFO	Connecting to Marionette on localhost:65278
1476926663098	Marionette	INFO	Listening on port 65278
1476926665197	Marionette	INFO	startBrowser e3545bd1-e105-7b46-b428-5f762ed60fd8
Oct 19, 2016 9:24:25 PM org.openqa.selenium.remote.ProtocolHandshake createSession
INFO: Detected dialect: W3C
[Child 3776] ###!!! ABORT: Aborting on channel error.: file /builds/slave/m-rel-m64-00000000000000000000/build/src/ipc/glue/MessageChannel.cpp, line 2052
[Child 3776] ###!!! ABORT: Aborting on channel error.: file /builds/slave/m-rel-m64-00000000000000000000/build/src/ipc/glue/MessageChannel.cpp, line 2052
Oct 19, 2016 9:24:50 PM org.openqa.selenium.remote.ProtocolHandshake createSession
INFO: Attempting bi-dialect session, assuming Postel's Law holds true on the remote end
1476926690076	geckodriver	INFO	Listening on 127.0.0.1:25781
1476926690078	mozprofile::profile	INFO	Using profile path /var/folders/94/_9jtnz717s58lyx0lk4h8m6c0000gn/T/rust_mozprofile.xTuVzzsnUKUM
1476926690079	geckodriver::marionette	INFO	Starting browser /Applications/Firefox.app/Contents/MacOS/firefox-bin
1476926690081	geckodriver::marionette	INFO	Connecting to Marionette on localhost:65431
1476926691147	Marionette	INFO	Listening on port 65431
1476926693327	Marionette	INFO	startBrowser 3d4d38e0-819c-c741-9e89-08309b63cc65
Oct 19, 2016 9:24:53 PM org.openqa.selenium.remote.ProtocolHandshake createSession
INFO: Detected dialect: W3C
[Child 3780] ###!!! ABORT: Aborting on channel error.: file /builds/slave/m-rel-m64-00000000000000000000/build/src/ipc/glue/MessageChannel.cpp, line 2052
[Child 3780] ###!!! ABORT: Aborting on channel error.: file /builds/slave/m-rel-m64-00000000000000000000/build/src/ipc/glue/MessageChannel.cpp, line 2052
Oct 19, 2016 9:25:20 PM org.openqa.selenium.remote.ProtocolHandshake createSession
INFO: Attempting bi-dialect session, assuming Postel's Law holds true on the remote end
1476926720208	geckodriver	INFO	Listening on 127.0.0.1:18165
1476926720212	mozprofile::profile	INFO	Using profile path /var/folders/94/_9jtnz717s58lyx0lk4h8m6c0000gn/T/rust_mozprofile.2eD58IcM5pKZ
1476926720213	geckodriver::marionette	INFO	Starting browser /Applications/Firefox.app/Contents/MacOS/firefox-bin
1476926720222	geckodriver::marionette	INFO	Connecting to Marionette on localhost:49191
1476926721228	Marionette	INFO	Listening on port 49191
1476926723312	Marionette	INFO	startBrowser 6ebfe306-17eb-a444-9120-b991f3c0a9df
Oct 19, 2016 9:25:23 PM org.openqa.selenium.remote.ProtocolHandshake createSession
INFO: Detected dialect: W3C
[Child 3783] ###!!! ABORT: Aborting on channel error.: file /builds/slave/m-rel-m64-00000000000000000000/build/src/ipc/glue/MessageChannel.cpp, line 2052
[Child 3783] ###!!! ABORT: Aborting on channel error.: file /builds/slave/m-rel-m64-00000000000000000000/build/src/ipc/glue/MessageChannel.cpp, line 2052
Oct 19, 2016 9:25:34 PM org.openqa.selenium.remote.ProtocolHandshake createSession
INFO: Attempting bi-dialect session, assuming Postel's Law holds true on the remote end
1476926734714	geckodriver	INFO	Listening on 127.0.0.1:24736
1476926734720	mozprofile::profile	INFO	Using profile path /var/folders/94/_9jtnz717s58lyx0lk4h8m6c0000gn/T/rust_mozprofile.1xXMdccL4v7V
1476926734721	geckodriver::marionette	INFO	Starting browser /Applications/Firefox.app/Contents/MacOS/firefox-bin
1476926734727	geckodriver::marionette	INFO	Connecting to Marionette on localhost:49316
1476926735903	Marionette	INFO	Listening on port 49316
1476926737938	Marionette	INFO	startBrowser 1cf1dfec-d5c6-fb45-a3e5-1368f6edea54
Oct 19, 2016 9:25:38 PM org.openqa.selenium.remote.ProtocolHandshake createSession
INFO: Detected dialect: W3C
[GFX1-]: Receive IPC close with reason=AbnormalShutdown
[Child 3788] ###!!! ABORT: Aborting on channel error.: file /builds/slave/m-rel-m64-00000000000000000000/build/src/ipc/glue/MessageChannel.cpp, line 2052
[Child 3788] ###!!! ABORT: Aborting on channel error.: file /builds/slave/m-rel-m64-00000000000000000000/build/src/ipc/glue/MessageChannel.cpp, line 2052
Oct 19, 2016 9:25:51 PM org.openqa.selenium.remote.ProtocolHandshake createSession
INFO: Attempting bi-dialect session, assuming Postel's Law holds true on the remote end
1476926751929	geckodriver	INFO	Listening on 127.0.0.1:48322
1476926751934	mozprofile::profile	INFO	Using profile path /var/folders/94/_9jtnz717s58lyx0lk4h8m6c0000gn/T/rust_mozprofile.BAlVNxZKT3QT
1476926751936	geckodriver::marionette	INFO	Starting browser /Applications/Firefox.app/Contents/MacOS/firefox-bin
1476926751951	geckodriver::marionette	INFO	Connecting to Marionette on localhost:49448
1476926752970	Marionette	INFO	Listening on port 49448
1476926754969	Marionette	INFO	startBrowser 57ac1054-3a37-314d-a2d1-666439a9eb40
Oct 19, 2016 9:25:55 PM org.openqa.selenium.remote.ProtocolHandshake createSession
INFO: Detected dialect: W3C
[Child 3791] ###!!! ABORT: Aborting on channel error.: file /builds/slave/m-rel-m64-00000000000000000000/build/src/ipc/glue/MessageChannel.cpp, line 2052
[Child 3791] ###!!! ABORT: Aborting on channel error.: file /builds/slave/m-rel-m64-00000000000000000000/build/src/ipc/glue/MessageChannel.cpp, line 2052
1476926766015	geckodriver	INFO	Listening on 127.0.0.1:42389
Oct 19, 2016 9:26:06 PM org.openqa.selenium.remote.ProtocolHandshake createSession
INFO: Attempting bi-dialect session, assuming Postel's Law holds true on the remote end
1476926766024	mozprofile::profile	INFO	Using profile path /var/folders/94/_9jtnz717s58lyx0lk4h8m6c0000gn/T/rust_mozprofile.lmBUi8aOmypE
1476926766026	geckodriver::marionette	INFO	Starting browser /Applications/Firefox.app/Contents/MacOS/firefox-bin
1476926766030	geckodriver::marionette	INFO	Connecting to Marionette on localhost:49581
1476926766999	Marionette	INFO	Listening on port 49581
1476926769039	Marionette	INFO	startBrowser 2bbeacea-43a9-7340-8ae6-a085420baebd
Oct 19, 2016 9:26:09 PM org.openqa.selenium.remote.ProtocolHandshake createSession
INFO: Detected dialect: W3C
[GFX1-]: Receive IPC close with reason=AbnormalShutdown
[Child 3794] ###!!! ABORT: Aborting on channel error.: file /builds/slave/m-rel-m64-00000000000000000000/build/src/ipc/glue/MessageChannel.cpp, line 2052
[Child 3794] ###!!! ABORT: Aborting on channel error.: file /builds/slave/m-rel-m64-00000000000000000000/build/src/ipc/glue/MessageChannel.cpp, line 2052
]]></system-err>
</testsuite>
